Apr 12 11:17:25 localhost audit[2596]: USER_ACCT pid=2596 uid=1000 auid=1000 ses=3 subj=unconfined_u:unconfined_r:unconfined_t:s0-s0:c0.c1023 msg='op=PAM:accounting grantors=pam_unix,pam_localuser acct="fakeuser" exe="/usr/bin/sudo" hostname=? addr=? terminal=/dev/pts/1 res=success'
Apr 12 11:17:25 localhost audit[2596]: USER_CMD pid=2596 uid=1000 auid=1000 ses=3 subj=unconfined_u:unconfined_r:unconfined_t:s0-s0:c0.c1023 msg='cwd="/etc" cmd=73797374656D63746C207265737461727420727379736C6F672E73657276696365 terminal=pts/1 res=success'
Apr 12 11:17:25 localhost audit[2596]: CRED_REFR pid=2596 uid=0 auid=1000 ses=3 subj=unconfined_u:unconfined_r:unconfined_t:s0-s0:c0.c1023 msg='op=PAM:setcred grantors=pam_env,pam_fprintd acct="root" exe="/usr/bin/sudo" hostname=? addr=? terminal=/dev/pts/1 res=success'
Apr 12 11:17:25 localhost audit[2596]: USER_START pid=2596 uid=0 auid=1000 ses=3 subj=unconfined_u:unconfined_r:unconfined_t:s0-s0:c0.c1023 msg='op=PAM:session_open grantors=pam_keyinit,pam_limits,pam_keyinit,pam_limits,pam_systemd,pam_unix acct="root" exe="/usr/bin/sudo" hostname=? addr=? terminal=/dev/pts/1 res=success'
Apr 12 11:17:25 localhost systemd[1]: Stopping System Logging Service...
Apr 12 11:17:25 localhost rsyslogd[2538]: [origin software="rsyslogd" swVersion="8.39.0" x-pid="2538" x-info="http://www.rsyslog.com"] exiting on signal 15.
Apr 12 11:17:25 localhost systemd[1]: Stopped System Logging Service.
Apr 12 11:17:25 localhost audit[1]: SERVICE_STOP pid=1 uid=0 auid=4294967295 ses=4294967295 subj=system_u:system_r:init_t:s0 msg='unit=rsyslog comm="systemd" exe="/usr/lib/systemd/systemd" hostname=? addr=? terminal=? res=success'
Apr 12 11:17:25 localhost systemd[1]: Starting System Logging Service...
Apr 12 11:17:25 localhost systemd[1]: Started System Logging Service.
Apr 12 11:17:25 localhost audit[1]: SERVICE_START pid=1 uid=0 auid=4294967295 ses=4294967295 subj=system_u:system_r:init_t:s0 msg='unit=rsyslog comm="systemd" exe="/usr/lib/systemd/systemd" hostname=? addr=? terminal=? res=success'
Apr 12 11:17:25 localhost audit[2596]: USER_END pid=2596 uid=0 auid=1000 ses=3 subj=unconfined_u:unconfined_r:unconfined_t:s0-s0:c0.c1023 msg='op=PAM:session_close grantors=pam_keyinit,pam_limits,pam_keyinit,pam_limits,pam_systemd,pam_unix acct="root" exe="/usr/bin/sudo" hostname=? addr=? terminal=/dev/pts/1 res=success'
Apr 12 11:17:25 localhost audit[2596]: CRED_DISP pid=2596 uid=0 auid=1000 ses=3 subj=unconfined_u:unconfined_r:unconfined_t:s0-s0:c0.c1023 msg='op=PAM:setcred grantors=pam_env,pam_fprintd acct="root" exe="/usr/bin/sudo" hostname=? addr=? terminal=/dev/pts/1 res=success'
Apr 12 11:17:25 localhost rsyslogd[2600]: [origin software="rsyslogd" swVersion="8.39.0" x-pid="2600" x-info="http://www.rsyslog.com"] start
Apr 12 11:17:40 localhost dbus-daemon[752]: [system] Activating via systemd: service name='net.reactivated.Fprint' unit='fprintd.service' requested by ':1.454' (uid=0 pid=2637 comm="sudo cat all-info.log " label="unconfined_u:unconfined_r:unconfined_t:s0-s0:c0.c1023")
Apr 12 11:17:40 localhost systemd[1]: Starting Fingerprint Authentication Daemon...
Apr 12 11:17:40 localhost dbus-daemon[752]: [system] Successfully activated service 'net.reactivated.Fprint'
Apr 12 11:17:40 localhost audit[1]: SERVICE_START pid=1 uid=0 auid=4294967295 ses=4294967295 subj=system_u:system_r:init_t:s0 msg='unit=fprintd comm="systemd" exe="/usr/lib/systemd/systemd" hostname=? addr=? terminal=? res=success'
Apr 12 11:17:40 localhost systemd[1]: Started Fingerprint Authentication Daemon.
Apr 12 11:17:41 localhost audit[2637]: USER_AUTH pid=2637 uid=1000 auid=1000 ses=3 subj=unconfined_u:unconfined_r:unconfined_t:s0-s0:c0.c1023 msg='op=PAM:authentication grantors=pam_succeed_if,pam_localuser,pam_unix acct="fakeuser" exe="/usr/bin/sudo" hostname=? addr=? terminal=/dev/pts/0 res=success'
Apr 12 11:17:41 localhost audit[2637]: USER_ACCT pid=2637 uid=1000 auid=1000 ses=3 subj=unconfined_u:unconfined_r:unconfined_t:s0-s0:c0.c1023 msg='op=PAM:accounting grantors=pam_unix,pam_localuser acct="fakeuser" exe="/usr/bin/sudo" hostname=? addr=? terminal=/dev/pts/0 res=success'
Apr 12 11:17:41 localhost audit[2637]: USER_CMD pid=2637 uid=1000 auid=1000 ses=3 subj=unconfined_u:unconfined_r:unconfined_t:s0-s0:c0.c1023 msg='cwd="/var/log" cmd=63617420616C6C2D696E666F2E6C6F67 terminal=pts/0 res=success'
Apr 12 11:17:41 localhost audit[2637]: CRED_REFR pid=2637 uid=0 auid=1000 ses=3 subj=unconfined_u:unconfined_r:unconfined_t:s0-s0:c0.c1023 msg='op=PAM:setcred grantors=pam_localuser,pam_unix acct="root" exe="/usr/bin/sudo" hostname=? addr=? terminal=/dev/pts/0 res=success'
Apr 12 11:17:41 localhost audit[2637]: USER_START pid=2637 uid=0 auid=1000 ses=3 subj=unconfined_u:unconfined_r:unconfined_t:s0-s0:c0.c1023 msg='op=PAM:session_open grantors=pam_keyinit,pam_limits,pam_keyinit,pam_limits,pam_systemd,pam_unix acct="root" exe="/usr/bin/sudo" hostname=? addr=? terminal=/dev/pts/0 res=success'
Apr 12 11:17:41 localhost audit[2637]: USER_END pid=2637 uid=0 auid=1000 ses=3 subj=unconfined_u:unconfined_r:unconfined_t:s0-s0:c0.c1023 msg='op=PAM:session_close grantors=pam_keyinit,pam_limits,pam_keyinit,pam_limits,pam_systemd,pam_unix acct="root" exe="/usr/bin/sudo" hostname=? addr=? terminal=/dev/pts/0 res=success'
Apr 12 11:17:41 localhost audit[2637]: CRED_DISP pid=2637 uid=0 auid=1000 ses=3 subj=unconfined_u:unconfined_r:unconfined_t:s0-s0:c0.c1023 msg='op=PAM:setcred grantors=pam_localuser,pam_unix acct="root" exe="/usr/bin/sudo" hostname=? addr=? terminal=/dev/pts/0 res=success'
